2024-01-15 08:00:01 INFO  [main] Application starting up — version 2.3.1
2024-01-15 08:00:02 INFO  [config] Loading configuration from /etc/appd/config.toml
2024-01-15 08:00:02 INFO  [config] Environment: production
2024-01-15 08:00:03 INFO  [db] Connecting to PostgreSQL at db-primary:5432
2024-01-15 08:00:03 INFO  [db] Connection pool initialized — min=2 max=10
2024-01-15 08:00:04 INFO  [server] HTTP server listening on 0.0.0.0:8080
2024-01-15 08:00:04 INFO  [server] gRPC server listening on 0.0.0.0:9090
2024-01-15 08:01:12 INFO  [auth] User login successful — user_id=1042 ip=192.168.1.10
2024-01-15 08:01:45 INFO  [api] GET /api/v1/health — 200 OK (3ms)
2024-01-15 08:02:10 INFO  [api] POST /api/v1/jobs — 201 Created (45ms) user_id=1042
2024-01-15 08:02:11 DEBUG [scheduler] Job enqueued — job_id=job_8821 queue=default priority=normal
2024-01-15 08:02:15 INFO  [worker] Processing job_8821 — type=report_generation
2024-01-15 08:03:00 WARN  [db] Query took 1200ms — threshold=1000ms query=SELECT * FROM reports WHERE status='pending'
2024-01-15 08:03:01 INFO  [worker] Job job_8821 completed successfully in 50s
2024-01-15 08:03:45 INFO  [api] GET /api/v1/reports — 200 OK (12ms) user_id=1042
2024-01-15 08:04:22 INFO  [auth] User login successful — user_id=2087 ip=10.0.0.55
2024-01-15 08:05:00 INFO  [metrics] CPU=12% MEM=34% DISK=61% CONNECTIONS=4
2024-01-15 08:05:33 ERROR [db] Connection timeout after 30s — host=db-primary:5432 attempt=1/3
2024-01-15 08:05:34 WARN  [db] Retrying connection — attempt=2/3
2024-01-15 08:05:36 INFO  [db] Reconnected to db-primary:5432 successfully
2024-01-15 08:06:01 INFO  [api] POST /api/v1/upload — 200 OK (230ms) user_id=2087 size=4.2MB
2024-01-15 08:06:55 DEBUG [cache] Cache miss — key=user:2087:preferences
2024-01-15 08:06:55 DEBUG [cache] Cache set — key=user:2087:preferences ttl=300s
2024-01-15 08:07:10 ERROR [api] POST /api/v1/jobs — 500 Internal Server Error — timeout waiting for worker
2024-01-15 08:07:10 ERROR [worker] Worker pool exhausted — active=10 max=10 queue_depth=47
2024-01-15 08:07:11 WARN  [scheduler] Job enqueue delayed — job_id=job_8822 reason=pool_full
2024-01-15 08:07:15 INFO  [worker] Worker freed — slot available
2024-01-15 08:07:15 INFO  [scheduler] Job job_8822 enqueued after delay=4s
2024-01-15 08:08:00 INFO  [metrics] CPU=78% MEM=62% DISK=61% CONNECTIONS=10
2024-01-15 08:08:01 WARN  [metrics] CPU usage above 75% threshold — consider scaling
2024-01-15 08:08:45 INFO  [auth] User logout — user_id=1042 session_duration=7m33s
2024-01-15 08:09:12 ERROR [api] GET /api/v1/reports/9981 — 404 Not Found — report does not exist
2024-01-15 08:09:55 INFO  [api] DELETE /api/v1/jobs/job_8821 — 204 No Content (8ms) user_id=2087
2024-01-15 08:10:00 INFO  [metrics] CPU=45% MEM=55% DISK=61% CONNECTIONS=7
2024-01-15 08:10:03 DEBUG [cache] Cache eviction — expired_keys=12 freed=2.1MB
2024-01-15 08:11:30 WARN  [auth] Failed login attempt — user=admin ip=203.0.113.42 reason=invalid_password
2024-01-15 08:11:31 WARN  [auth] Failed login attempt — user=admin ip=203.0.113.42 reason=invalid_password
2024-01-15 08:11:32 WARN  [auth] Failed login attempt — user=admin ip=203.0.113.42 reason=invalid_password
2024-01-15 08:11:33 ERROR [auth] Account locked after 3 failed attempts — user=admin ip=203.0.113.42
2024-01-15 08:12:00 INFO  [api] GET /api/v1/health — 200 OK (2ms)
2024-01-15 08:12:44 ERROR [db] Deadlock detected — transactions rolled back — table=job_locks
2024-01-15 08:12:44 WARN  [worker] Retrying job_8822 after deadlock — attempt=2/3
2024-01-15 08:12:46 INFO  [worker] Job job_8822 completed successfully in 2s
2024-01-15 08:13:10 INFO  [api] POST /api/v1/users — 201 Created (67ms)
2024-01-15 08:14:00 INFO  [metrics] CPU=22% MEM=50% DISK=62% CONNECTIONS=5
2024-01-15 08:15:00 INFO  [metrics] CPU=19% MEM=48% DISK=62% CONNECTIONS=3
2024-01-15 08:15:22 DEBUG [db] Vacuum scheduled — table=events estimated_rows=1200000
2024-01-15 08:16:05 WARN  [disk] Disk usage at 62% — warning threshold=60%
2024-01-15 08:16:33 INFO  [api] GET /api/v1/jobs — 200 OK (18ms) user_id=2087
2024-01-15 08:17:01 ERROR [storage] Failed to write file — path=/data/exports/rpt_9982.csv reason=disk quota exceeded
2024-01-15 08:17:01 ERROR [api] POST /api/v1/export — 507 Insufficient Storage — disk quota exceeded
2024-01-15 08:17:05 WARN  [storage] Triggering emergency cleanup — target=5GB
2024-01-15 08:17:20 INFO  [storage] Cleanup complete — freed=7.3GB oldest_deleted=2024-01-08
2024-01-15 08:17:21 INFO  [api] POST /api/v1/export — 200 OK (310ms) user_id=2087
2024-01-15 08:18:00 INFO  [metrics] CPU=30% MEM=51% DISK=47% CONNECTIONS=4
2024-01-15 08:19:44 INFO  [auth] User login successful — user_id=3301 ip=10.0.1.99
2024-01-15 08:20:00 INFO  [metrics] CPU=25% MEM=52% DISK=47% CONNECTIONS=5
2024-01-15 08:20:12 DEBUG [cache] Cache hit — key=user:3301:preferences
2024-01-15 08:20:15 INFO  [api] GET /api/v1/dashboard — 200 OK (55ms) user_id=3301
2024-01-15 08:21:00 WARN  [network] Connection timeout — remote=external-api.partner.io:443 retry=1/3
2024-01-15 08:21:05 WARN  [network] Connection timeout — remote=external-api.partner.io:443 retry=2/3
2024-01-15 08:21:10 ERROR [network] All retries exhausted — remote=external-api.partner.io:443 — service unavailable
2024-01-15 08:21:10 ERROR [api] GET /api/v1/partner/rates — 502 Bad Gateway — upstream timeout
2024-01-15 08:22:00 INFO  [metrics] CPU=18% MEM=49% DISK=47% CONNECTIONS=4
2024-01-15 08:23:30 INFO  [worker] Processing job_8830 — type=data_export
2024-01-15 08:24:00 INFO  [worker] Job job_8830 completed — rows_exported=482910 duration=30s
2024-01-15 08:25:00 INFO  [metrics] CPU=15% MEM=47% DISK=49% CONNECTIONS=3
2024-01-15 08:26:11 INFO  [api] PUT /api/v1/users/3301 — 200 OK (33ms) user_id=3301
2024-01-15 08:27:00 WARN  [db] Long-running transaction detected — duration=45s user=app_worker
2024-01-15 08:27:45 INFO  [db] Transaction committed — duration=52s rows_affected=18402
2024-01-15 08:28:00 INFO  [metrics] CPU=20% MEM=50% DISK=49% CONNECTIONS=4
2024-01-15 08:29:15 ERROR [worker] Job job_8835 failed — type=notification_send reason=smtp_timeout
2024-01-15 08:29:15 WARN  [mailer] SMTP connection timeout — host=smtp.sendgrid.net:587
2024-01-15 08:29:16 INFO  [worker] Scheduling retry for job_8835 — backoff=60s
2024-01-15 08:30:00 INFO  [metrics] CPU=17% MEM=48% DISK=49% CONNECTIONS=3
2024-01-15 08:30:16 INFO  [worker] Retrying job_8835 — attempt=2/3
2024-01-15 08:30:17 INFO  [worker] Job job_8835 completed — emails_sent=241
2024-01-15 08:31:00 INFO  [auth] User logout — user_id=3301 session_duration=11m16s
2024-01-15 08:31:44 INFO  [api] GET /api/v1/health — 200 OK (2ms)
2024-01-15 08:32:00 INFO  [metrics] CPU=13% MEM=45% DISK=49% CONNECTIONS=2
2024-01-15 08:33:10 DEBUG [scheduler] Cron trigger — job=daily_cleanup schedule=0 8 * * *
2024-01-15 08:33:12 INFO  [worker] Processing job_8836 — type=daily_cleanup
2024-01-15 08:33:45 INFO  [worker] Job job_8836 completed — deleted_records=3201 duration=33s
2024-01-15 08:34:00 INFO  [metrics] CPU=11% MEM=43% DISK=48% CONNECTIONS=2
2024-01-15 08:35:00 INFO  [metrics] CPU=10% MEM=43% DISK=48% CONNECTIONS=1
2024-01-15 08:36:20 INFO  [auth] User login successful — user_id=1042 ip=192.168.1.10
2024-01-15 08:37:05 INFO  [api] GET /api/v1/reports — 200 OK (11ms) user_id=1042
2024-01-15 08:38:00 INFO  [metrics] CPU=12% MEM=44% DISK=48% CONNECTIONS=2
2024-01-15 08:39:55 WARN  [db] Query took 1800ms — threshold=1000ms query=SELECT COUNT(*) FROM events GROUP BY user_id
2024-01-15 08:40:00 INFO  [metrics] CPU=35% MEM=58% DISK=48% CONNECTIONS=3
2024-01-15 08:41:10 ERROR [api] POST /api/v1/jobs — 422 Unprocessable Entity — missing required field: target_date
2024-01-15 08:41:33 INFO  [api] POST /api/v1/jobs — 201 Created (41ms) user_id=1042 job_id=job_8840
2024-01-15 08:42:00 INFO  [metrics] CPU=14% MEM=45% DISK=48% CONNECTIONS=2
2024-01-15 08:43:17 INFO  [server] Graceful shutdown initiated — signal=SIGTERM
2024-01-15 08:43:17 INFO  [server] Waiting for in-flight requests to complete — active=2
2024-01-15 08:43:19 INFO  [worker] Draining job queue — pending=3
2024-01-15 08:43:22 INFO  [worker] All workers stopped cleanly
2024-01-15 08:43:22 INFO  [db] Connection pool closed — connections_released=4
2024-01-15 08:43:23 INFO  [server] Shutdown complete — uptime=43m22s